src\secrets_template_generator.py:2: error: Cannot find implementation or library stub for module named "utils.utils"  [import-not-found]
src\secrets_template_generator.py:2: note: See https://mypy.readthedocs.io/en/stable/running_mypy.html#missing-imports
src\logging_provider.py:43: note: By default the bodies of untyped functions are not checked, consider using --check-untyped-defs  [annotation-unchecked]
src\logging_provider.py:44: note: By default the bodies of untyped functions are not checked, consider using --check-untyped-defs  [annotation-unchecked]
src\logging_provider.py:45: note: By default the bodies of untyped functions are not checked, consider using --check-untyped-defs  [annotation-unchecked]
src\retry_helper.py:114: error: Incompatible default for argument "error_text" (default has type "None", argument has type "str")  [assignment]
src\retry_helper.py:114: note: PEP 484 prohibits implicit Optional. Accordingly, mypy has changed its default to no_implicit_optional=True
src\retry_helper.py:114: note: Use https://github.com/hauntsaninja/no_implicit_optional to automatically upgrade your codebase
src\retry_helper.py:114: error: Incompatible default for argument "sleep_time" (default has type "None", argument has type "float")  [assignment]
src\retry_helper.py:114: error: Incompatible default for argument "backoff" (default has type "None", argument has type "float")  [assignment]
src\ai_helpers.py:66: error: Value of type "list[Candidate] | None" is not indexable  [index]
src\ai_helpers.py:66: error: Item "None" of "Content | Any | None" has no attribute "parts"  [union-attr]
src\ai_helpers.py:66: error: Value of type "list[Part] | Any | None" is not indexable  [index]
src\ai_helpers.py:66: error: Item "None" of "str | Any | None" has no attribute "strip"  [union-attr]
src\ai_helpers.py:113: error: Name "metrics_log" is not defined  [name-defined]
src\ai_helpers.py:127: error: Name "metrics_log" is not defined  [name-defined]
src\ai_helpers.py:134: error: Name "metrics_log" is not defined  [name-defined]
src\ai_helpers.py:144: error: Name "metrics_log" is not defined  [name-defined]
src\ai_helpers.py:152: error: Name "metrics_log" is not defined  [name-defined]
src\ai_helpers.py:158: error: Name "should_retry_on_error" is not defined  [name-defined]
src\ai_helpers.py:162: error: Name "metrics_log" is not defined  [name-defined]
src\ai_helpers.py:167: error: Name "calculate_backoff" is not defined  [name-defined]
src\ai_helpers.py:168: error: Name "log_retry_attempt" is not defined  [name-defined]
src\di_container.py:144: error: Missing positional argument "filename" in call to "setup_file_logging" of "LoggerProvider"  [call-arg]
src\make_input_csv.py:103: error: Unsupported right operand type for in ("Any | None")  [operator]
src\make_input_csv.py:114: error: Need type annotation for "results" (hint: "results: list[<type>] = ...")  [var-annotated]
src\affiliate_post_generator.py:143: error: Assignment to variable "e" outside except: block  [misc]
src\affiliate_post_generator.py:144: error: Trying to read deleted variable "e"  [misc]
src\affiliate_post_generator.py:159: error: Assignment to variable "e" outside except: block  [misc]
src\affiliate_post_generator.py:161: error: Trying to read deleted variable "e"  [misc]
src\affiliate_post_generator.py:166: error: Trying to read deleted variable "e"  [misc]
src\affiliate_post_generator.py:169: error: Assignment to variable "e" outside except: block  [misc]
src\affiliate_post_generator.py:170: error: Trying to read deleted variable "e"  [misc]
Found 27 errors in 6 files (checked 12 source files)
